0 info it worked if it ends with ok
1 verbose cli [ 'C:\\Program Files (x86)\\nodejs\\\\node.exe',
1 verbose cli   'C:\\Program Files (x86)\\nodejs\\node_modules\\npm\\bin\\npm-cli.js',
1 verbose cli   'start' ]
2 info using npm@1.4.21
3 info using node@v0.10.30
4 verbose node symlink C:\Program Files (x86)\nodejs\\node.exe
5 verbose run-script [ 'prestart', 'start', 'poststart' ]
6 info prestart Bhushankumar@
7 info start Bhushankumar@
8 verbose unsafe-perm in lifecycle true
9 info Bhushankumar@ Failed to exec start script
10 error Bhushankumar@ start: `node lib/wrio.js`
10 error Exit status 8
11 error Failed at the Bhushankumar@ start script.
11 error This is most likely a problem with the Bhushankumar package,
11 error not with npm itself.
11 error Tell the author that this fails on your system:
11 error     node lib/wrio.js
11 error You can get their info via:
11 error     npm owner ls Bhushankumar
11 error There is likely additional logging output above.
12 error System Windows_NT 6.2.9200
13 error command "C:\\Program Files (x86)\\nodejs\\\\node.exe" "C:\\Program Files (x86)\\nodejs\\node_modules\\npm\\bin\\npm-cli.js" "start"
14 error cwd C:\wamp\www\webGold-WRIO-App
15 error node -v v0.10.30
16 error npm -v 1.4.21
17 error code ELIFECYCLE
18 verbose exit [ 1, true ]
